{"C:\\Users\\User\\Documents\\training\\frontend\\calendar-carousel\\src\\components\\DateCarousel.tsx": {"path":"C:\\Users\\User\\Documents\\training\\frontend\\calendar-carousel\\src\\components\\DateCarousel.tsx","statementMap":{"0":{"start":{"line":13,"column":36},"end":{"line":93,"column":1}},"1":{"start":{"line":30,"column":21},"end":{"line":30,"column":32}},"2":{"start":{"line":32,"column":2},"end":{"line":92,"column":4}},"3":{"start":{"line":45,"column":28},"end":{"line":45,"column":42}},"4":{"start":{"line":46,"column":10},"end":{"line":73,"column":12}},"5":{"start":{"line":51,"column":16},"end":{"line":53,"column":38}},"6":{"start":{"line":82,"column":26},"end":{"line":82,"column":71}},"7":{"start":{"line":87,"column":26},"end":{"line":87,"column":71}}},"fnMap":{"0":{"name":"(anonymous_0)","decl":{"start":{"line":13,"column":36},"end":{"line":13,"column":37}},"loc":{"start":{"line":29,"column":6},"end":{"line":93,"column":1}},"line":29},"1":{"name":"(anonymous_1)","decl":{"start":{"line":44,"column":26},"end":{"line":44,"column":27}},"loc":{"start":{"line":44,"column":43},"end":{"line":74,"column":9}},"line":44},"2":{"name":"(anonymous_2)","decl":{"start":{"line":50,"column":23},"end":{"line":50,"column":24}},"loc":{"start":{"line":51,"column":16},"end":{"line":53,"column":38}},"line":51},"3":{"name":"(anonymous_3)","decl":{"start":{"line":82,"column":19},"end":{"line":82,"column":20}},"loc":{"start":{"line":82,"column":26},"end":{"line":82,"column":71}},"line":82},"4":{"name":"(anonymous_4)","decl":{"start":{"line":87,"column":19},"end":{"line":87,"column":20}},"loc":{"start":{"line":87,"column":26},"end":{"line":87,"column":71}},"line":87}},"branchMap":{"0":{"loc":{"start":{"line":51,"column":16},"end":{"line":53,"column":38}},"type":"binary-expr","locations":[{"start":{"line":51,"column":16},"end":{"line":51,"column":46}},{"start":{"line":52,"column":16},"end":{"line":52,"column":26}},{"start":{"line":53,"column":16},"end":{"line":53,"column":38}}],"line":51},"1":{"loc":{"start":{"line":56,"column":15},"end":{"line":60,"column":15}},"type":"binary-expr","locations":[{"start":{"line":56,"column":15},"end":{"line":56,"column":44}},{"start":{"line":57,"column":16},"end":{"line":59,"column":22}}],"line":56},"2":{"loc":{"start":{"line":61,"column":15},"end":{"line":63,"column":15}},"type":"binary-expr","locations":[{"start":{"line":61,"column":15},"end":{"line":61,"column":45}},{"start":{"line":61,"column":49},"end":{"line":61,"column":59}},{"start":{"line":62,"column":16},"end":{"line":62,"column":77}}],"line":61},"3":{"loc":{"start":{"line":65,"column":15},"end":{"line":69,"column":15}},"type":"binary-expr","locations":[{"start":{"line":65,"column":15},"end":{"line":65,"column":24}},{"start":{"line":66,"column":16},"end":{"line":68,"column":22}}],"line":65},"4":{"loc":{"start":{"line":82,"column":26},"end":{"line":82,"column":71}},"type":"cond-expr","locations":[{"start":{"line":82,"column":43},"end":{"line":82,"column":64}},{"start":{"line":82,"column":67},"end":{"line":82,"column":71}}],"line":82},"5":{"loc":{"start":{"line":87,"column":26},"end":{"line":87,"column":71}},"type":"cond-expr","locations":[{"start":{"line":87,"column":43},"end":{"line":87,"column":64}},{"start":{"line":87,"column":67},"end":{"line":87,"column":71}}],"line":87}},"s":{"0":1,"1":2,"2":2,"3":33,"4":33,"5":0,"6":0,"7":0},"f":{"0":2,"1":33,"2":0,"3":0,"4":0},"b":{"0":[0,0,0],"1":[33,15],"2":[33,18,18],"3":[33,0],"4":[0,0],"5":[0,0]},"_coverageSchema":"1a1c01bbd47fc00a2c39e90264f33305004495a9","hash":"73785d74be4564c7d8c081c6b631932182635766"}
,"C:\\Users\\User\\Documents\\training\\frontend\\calendar-carousel\\src\\components\\DurationPicker.tsx": {"path":"C:\\Users\\User\\Documents\\training\\frontend\\calendar-carousel\\src\\components\\DurationPicker.tsx","statementMap":{"0":{"start":{"line":9,"column":23},"end":{"line":40,"column":1}},"1":{"start":{"line":18,"column":2},"end":{"line":39,"column":4}},"2":{"start":{"line":24,"column":23},"end":{"line":24,"column":58}},"3":{"start":{"line":36,"column":23},"end":{"line":36,"column":57}}},"fnMap":{"0":{"name":"(anonymous_0)","decl":{"start":{"line":9,"column":23},"end":{"line":9,"column":24}},"loc":{"start":{"line":17,"column":6},"end":{"line":40,"column":1}},"line":17},"1":{"name":"(anonymous_1)","decl":{"start":{"line":24,"column":17},"end":{"line":24,"column":18}},"loc":{"start":{"line":24,"column":23},"end":{"line":24,"column":58}},"line":24},"2":{"name":"(anonymous_2)","decl":{"start":{"line":36,"column":17},"end":{"line":36,"column":18}},"loc":{"start":{"line":36,"column":23},"end":{"line":36,"column":57}},"line":36}},"branchMap":{},"s":{"0":1,"1":5,"2":1,"3":1},"f":{"0":5,"1":1,"2":1},"b":{},"_coverageSchema":"1a1c01bbd47fc00a2c39e90264f33305004495a9","hash":"ae2745e8b1d2c28c8e62b71bc64abed9bffa28b4"}
,"C:\\Users\\User\\Documents\\training\\frontend\\calendar-carousel\\src\\containers\\CalendarContainer.tsx": {"path":"C:\\Users\\User\\Documents\\training\\frontend\\calendar-carousel\\src\\containers\\CalendarContainer.tsx","statementMap":{"0":{"start":{"line":17,"column":18},"end":{"line":17,"column":26}},"1":{"start":{"line":19,"column":26},"end":{"line":121,"column":1}},"2":{"start":{"line":24,"column":36},"end":{"line":24,"column":41}},"3":{"start":{"line":28,"column":4},"end":{"line":28,"column":11}},"4":{"start":{"line":31,"column":4},"end":{"line":31,"column":11}},"5":{"start":{"line":34,"column":4},"end":{"line":34,"column":11}},"6":{"start":{"line":55,"column":6},"end":{"line":55,"column":23}},"7":{"start":{"line":56,"column":21},"end":{"line":56,"column":32}},"8":{"start":{"line":58,"column":17},"end":{"line":58,"column":42}},"9":{"start":{"line":60,"column":22},"end":{"line":60,"column":52}},"10":{"start":{"line":62,"column":27},"end":{"line":65,"column":3}},"11":{"start":{"line":63,"column":4},"end":{"line":63,"column":26}},"12":{"start":{"line":64,"column":4},"end":{"line":64,"column":23}},"13":{"start":{"line":67,"column":27},"end":{"line":71,"column":3}},"14":{"start":{"line":68,"column":20},"end":{"line":68,"column":63}},"15":{"start":{"line":69,"column":4},"end":{"line":69,"column":29}},"16":{"start":{"line":70,"column":4},"end":{"line":70,"column":26}},"17":{"start":{"line":73,"column":31},"end":{"line":77,"column":3}},"18":{"start":{"line":74,"column":24},"end":{"line":74,"column":57}},"19":{"start":{"line":75,"column":4},"end":{"line":75,"column":29}},"20":{"start":{"line":76,"column":4},"end":{"line":76,"column":34}},"21":{"start":{"line":79,"column":2},"end":{"line":120,"column":4}}},"fnMap":{"0":{"name":"(anonymous_0)","decl":{"start":{"line":19,"column":26},"end":{"line":19,"column":27}},"loc":{"start":{"line":47,"column":6},"end":{"line":121,"column":1}},"line":47},"1":{"name":"(anonymous_1)","decl":{"start":{"line":24,"column":13},"end":{"line":24,"column":14}},"loc":{"start":{"line":24,"column":36},"end":{"line":24,"column":41}},"line":24},"2":{"name":"(anonymous_2)","decl":{"start":{"line":27,"column":17},"end":{"line":27,"column":18}},"loc":{"start":{"line":27,"column":40},"end":{"line":29,"column":3}},"line":27},"3":{"name":"(anonymous_3)","decl":{"start":{"line":30,"column":17},"end":{"line":30,"column":18}},"loc":{"start":{"line":30,"column":47},"end":{"line":32,"column":3}},"line":30},"4":{"name":"(anonymous_4)","decl":{"start":{"line":33,"column":21},"end":{"line":33,"column":22}},"loc":{"start":{"line":33,"column":43},"end":{"line":35,"column":3}},"line":33},"5":{"name":"(anonymous_5)","decl":{"start":{"line":62,"column":27},"end":{"line":62,"column":28}},"loc":{"start":{"line":62,"column":50},"end":{"line":65,"column":3}},"line":62},"6":{"name":"(anonymous_6)","decl":{"start":{"line":67,"column":27},"end":{"line":67,"column":28}},"loc":{"start":{"line":67,"column":77},"end":{"line":71,"column":3}},"line":67},"7":{"name":"(anonymous_7)","decl":{"start":{"line":73,"column":31},"end":{"line":73,"column":32}},"loc":{"start":{"line":73,"column":54},"end":{"line":77,"column":3}},"line":73}},"branchMap":{"0":{"loc":{"start":{"line":20,"column":2},"end":{"line":20,"column":20}},"type":"default-arg","locations":[{"start":{"line":20,"column":19},"end":{"line":20,"column":20}}],"line":20},"1":{"loc":{"start":{"line":21,"column":2},"end":{"line":21,"column":19}},"type":"default-arg","locations":[{"start":{"line":21,"column":18},"end":{"line":21,"column":19}}],"line":21},"2":{"loc":{"start":{"line":22,"column":2},"end":{"line":22,"column":22}},"type":"default-arg","locations":[{"start":{"line":22,"column":14},"end":{"line":22,"column":22}}],"line":22},"3":{"loc":{"start":{"line":23,"column":2},"end":{"line":23,"column":44}},"type":"default-arg","locations":[{"start":{"line":23,"column":12},"end":{"line":23,"column":44}}],"line":23},"4":{"loc":{"start":{"line":24,"column":2},"end":{"line":24,"column":41}},"type":"default-arg","locations":[{"start":{"line":24,"column":13},"end":{"line":24,"column":41}}],"line":24},"5":{"loc":{"start":{"line":25,"column":2},"end":{"line":25,"column":24}},"type":"default-arg","locations":[{"start":{"line":25,"column":15},"end":{"line":25,"column":24}}],"line":25},"6":{"loc":{"start":{"line":26,"column":2},"end":{"line":26,"column":19}},"type":"default-arg","locations":[{"start":{"line":26,"column":17},"end":{"line":26,"column":19}}],"line":26},"7":{"loc":{"start":{"line":27,"column":2},"end":{"line":29,"column":3}},"type":"default-arg","locations":[{"start":{"line":27,"column":17},"end":{"line":29,"column":3}}],"line":27},"8":{"loc":{"start":{"line":30,"column":2},"end":{"line":32,"column":3}},"type":"default-arg","locations":[{"start":{"line":30,"column":17},"end":{"line":32,"column":3}}],"line":30},"9":{"loc":{"start":{"line":33,"column":2},"end":{"line":35,"column":3}},"type":"default-arg","locations":[{"start":{"line":33,"column":21},"end":{"line":35,"column":3}}],"line":33},"10":{"loc":{"start":{"line":68,"column":20},"end":{"line":68,"column":63}},"type":"cond-expr","locations":[{"start":{"line":68,"column":27},"end":{"line":68,"column":56}},{"start":{"line":68,"column":59},"end":{"line":68,"column":63}}],"line":68},"11":{"loc":{"start":{"line":102,"column":17},"end":{"line":102,"column":70}},"type":"cond-expr","locations":[{"start":{"line":102,"column":32},"end":{"line":102,"column":63}},{"start":{"line":102,"column":66},"end":{"line":102,"column":70}}],"line":102}},"s":{"0":1,"1":1,"2":33,"3":0,"4":0,"5":2,"6":5,"7":5,"8":5,"9":5,"10":5,"11":0,"12":0,"13":5,"14":0,"15":0,"16":0,"17":5,"18":2,"19":2,"20":2,"21":5},"f":{"0":5,"1":33,"2":0,"3":0,"4":2,"5":0,"6":0,"7":2},"b":{"0":[5],"1":[5],"2":[4],"3":[5],"4":[5],"5":[5],"6":[5],"7":[5],"8":[5],"9":[5],"10":[0,0],"11":[0,5]},"_coverageSchema":"1a1c01bbd47fc00a2c39e90264f33305004495a9","hash":"c072eea42655d7f292fbeb447da5eb8b65fb175b"}
,"C:\\Users\\User\\Documents\\training\\frontend\\calendar-carousel\\src\\hooks\\useCalendar.ts": {"path":"C:\\Users\\User\\Documents\\training\\frontend\\calendar-carousel\\src\\hooks\\useCalendar.ts","statementMap":{"0":{"start":{"line":8,"column":24},"end":{"line":21,"column":1}},"1":{"start":{"line":9,"column":34},"end":{"line":9,"column":45}},"2":{"start":{"line":10,"column":42},"end":{"line":10,"column":59}},"3":{"start":{"line":11,"column":42},"end":{"line":11,"column":76}},"4":{"start":{"line":13,"column":2},"end":{"line":20,"column":4}}},"fnMap":{"0":{"name":"(anonymous_0)","decl":{"start":{"line":8,"column":24},"end":{"line":8,"column":25}},"loc":{"start":{"line":8,"column":30},"end":{"line":21,"column":1}},"line":8}},"branchMap":{},"s":{"0":1,"1":5,"2":5,"3":5,"4":5},"f":{"0":5},"b":{},"_coverageSchema":"1a1c01bbd47fc00a2c39e90264f33305004495a9","hash":"5efb2de5a01a24f3757219c98bcde578d8e162f4"}
,"C:\\Users\\User\\Documents\\training\\frontend\\calendar-carousel\\src\\hooks\\useStyles.ts": {"path":"C:\\Users\\User\\Documents\\training\\frontend\\calendar-carousel\\src\\hooks\\useStyles.ts","statementMap":{"0":{"start":{"line":3,"column":18},"end":{"line":86,"column":3}},"1":{"start":{"line":3,"column":45},"end":{"line":86,"column":1}}},"fnMap":{"0":{"name":"(anonymous_0)","decl":{"start":{"line":3,"column":31},"end":{"line":3,"column":32}},"loc":{"start":{"line":3,"column":45},"end":{"line":86,"column":1}},"line":3}},"branchMap":{},"s":{"0":1,"1":6},"f":{"0":6},"b":{},"_coverageSchema":"1a1c01bbd47fc00a2c39e90264f33305004495a9","hash":"f25f79875730f0c57e0c42d44edc333d21cfc5fd"}
,"C:\\Users\\User\\Documents\\training\\frontend\\calendar-carousel\\src\\utils\\DatesUtils.ts": {"path":"C:\\Users\\User\\Documents\\training\\frontend\\calendar-carousel\\src\\utils\\DatesUtils.ts","statementMap":{"0":{"start":{"line":7,"column":35},"end":{"line":28,"column":1}},"1":{"start":{"line":10,"column":2},"end":{"line":27,"column":3}},"2":{"start":{"line":11,"column":33},"end":{"line":11,"column":42}},"3":{"start":{"line":12,"column":16},"end":{"line":12,"column":32}},"4":{"start":{"line":13,"column":14},"end":{"line":13,"column":28}},"5":{"start":{"line":15,"column":4},"end":{"line":24,"column":5}},"6":{"start":{"line":16,"column":18},"end":{"line":16,"column":20}},"7":{"start":{"line":17,"column":6},"end":{"line":20,"column":7}},"8":{"start":{"line":18,"column":8},"end":{"line":18,"column":34}},"9":{"start":{"line":19,"column":8},"end":{"line":19,"column":36}},"10":{"start":{"line":21,"column":6},"end":{"line":21,"column":19}},"11":{"start":{"line":23,"column":6},"end":{"line":23,"column":73}},"12":{"start":{"line":23,"column":42},"end":{"line":23,"column":71}},"13":{"start":{"line":26,"column":4},"end":{"line":26,"column":71}},"14":{"start":{"line":26,"column":40},"end":{"line":26,"column":69}},"15":{"start":{"line":30,"column":30},"end":{"line":32,"column":1}},"16":{"start":{"line":31,"column":2},"end":{"line":31,"column":53}}},"fnMap":{"0":{"name":"(anonymous_0)","decl":{"start":{"line":7,"column":35},"end":{"line":7,"column":36}},"loc":{"start":{"line":9,"column":5},"end":{"line":28,"column":1}},"line":9},"1":{"name":"(anonymous_1)","decl":{"start":{"line":23,"column":32},"end":{"line":23,"column":33}},"loc":{"start":{"line":23,"column":42},"end":{"line":23,"column":71}},"line":23},"2":{"name":"(anonymous_2)","decl":{"start":{"line":26,"column":30},"end":{"line":26,"column":31}},"loc":{"start":{"line":26,"column":40},"end":{"line":26,"column":69}},"line":26},"3":{"name":"(anonymous_3)","decl":{"start":{"line":30,"column":30},"end":{"line":30,"column":31}},"loc":{"start":{"line":30,"column":78},"end":{"line":32,"column":1}},"line":30}},"branchMap":{"0":{"loc":{"start":{"line":10,"column":2},"end":{"line":27,"column":3}},"type":"if","locations":[{"start":{"line":10,"column":2},"end":{"line":27,"column":3}},{"start":{"line":25,"column":9},"end":{"line":27,"column":3}}],"line":10},"1":{"loc":{"start":{"line":10,"column":6},"end":{"line":10,"column":41}},"type":"binary-expr","locations":[{"start":{"line":10,"column":6},"end":{"line":10,"column":15}},{"start":{"line":10,"column":19},"end":{"line":10,"column":41}}],"line":10},"2":{"loc":{"start":{"line":15,"column":4},"end":{"line":24,"column":5}},"type":"if","locations":[{"start":{"line":15,"column":4},"end":{"line":24,"column":5}},{"start":{"line":22,"column":11},"end":{"line":24,"column":5}}],"line":15},"3":{"loc":{"start":{"line":15,"column":8},"end":{"line":15,"column":63}},"type":"binary-expr","locations":[{"start":{"line":15,"column":8},"end":{"line":15,"column":23}},{"start":{"line":15,"column":27},"end":{"line":15,"column":40}},{"start":{"line":15,"column":44},"end":{"line":15,"column":63}}],"line":15},"4":{"loc":{"start":{"line":17,"column":13},"end":{"line":17,"column":60}},"type":"binary-expr","locations":[{"start":{"line":17,"column":13},"end":{"line":17,"column":32}},{"start":{"line":17,"column":36},"end":{"line":17,"column":60}}],"line":17}},"s":{"0":2,"1":11,"2":10,"3":10,"4":10,"5":10,"6":3,"7":3,"8":13,"9":13,"10":3,"11":7,"12":210,"13":1,"14":30,"15":2,"16":72},"f":{"0":11,"1":210,"2":30,"3":72},"b":{"0":[10,1],"1":[11,10],"2":[3,7],"3":[10,5,5],"4":[16,6]},"_coverageSchema":"1a1c01bbd47fc00a2c39e90264f33305004495a9","hash":"62be472059b65a137dced541a56a35b3c59744e0"}
,"C:\\Users\\User\\Documents\\training\\frontend\\calendar-carousel\\src\\utils\\FormatUtils.ts": {"path":"C:\\Users\\User\\Documents\\training\\frontend\\calendar-carousel\\src\\utils\\FormatUtils.ts","statementMap":{"0":{"start":{"line":6,"column":26},"end":{"line":9,"column":1}},"1":{"start":{"line":7,"column":2},"end":{"line":7,"column":39}},"2":{"start":{"line":7,"column":13},"end":{"line":7,"column":39}},"3":{"start":{"line":8,"column":2},"end":{"line":8,"column":29}},"4":{"start":{"line":11,"column":26},"end":{"line":15,"column":1}},"5":{"start":{"line":12,"column":2},"end":{"line":14,"column":43}},"6":{"start":{"line":13,"column":4},"end":{"line":13,"column":19}},"7":{"start":{"line":14,"column":7},"end":{"line":14,"column":43}}},"fnMap":{"0":{"name":"(anonymous_0)","decl":{"start":{"line":6,"column":26},"end":{"line":6,"column":27}},"loc":{"start":{"line":6,"column":72},"end":{"line":9,"column":1}},"line":6},"1":{"name":"(anonymous_1)","decl":{"start":{"line":11,"column":26},"end":{"line":11,"column":27}},"loc":{"start":{"line":11,"column":49},"end":{"line":15,"column":1}},"line":11}},"branchMap":{"0":{"loc":{"start":{"line":7,"column":2},"end":{"line":7,"column":39}},"type":"if","locations":[{"start":{"line":7,"column":2},"end":{"line":7,"column":39}},{"start":{},"end":{}}],"line":7},"1":{"loc":{"start":{"line":12,"column":2},"end":{"line":14,"column":43}},"type":"if","locations":[{"start":{"line":12,"column":2},"end":{"line":14,"column":43}},{"start":{"line":14,"column":7},"end":{"line":14,"column":43}}],"line":12}},"s":{"0":2,"1":8,"2":6,"3":2,"4":2,"5":7,"6":6,"7":1},"f":{"0":8,"1":7},"b":{"0":[6,2],"1":[6,1]},"_coverageSchema":"1a1c01bbd47fc00a2c39e90264f33305004495a9","hash":"6785a8f8228a0577e0a4309d73f772241fdb9c56"}
}
