TN:
SF:src\components\DateCarousel.tsx
FN:13,(anonymous_0)
FN:44,(anonymous_1)
FN:50,(anonymous_2)
FN:82,(anonymous_3)
FN:87,(anonymous_4)
FNF:5
FNH:2
FNDA:2,(anonymous_0)
FNDA:33,(anonymous_1)
FNDA:0,(anonymous_2)
FNDA:0,(anonymous_3)
FNDA:0,(anonymous_4)
DA:13,1
DA:30,2
DA:32,2
DA:45,33
DA:46,33
DA:51,0
DA:82,0
DA:87,0
LF:8
LH:5
BRDA:51,0,0,0
BRDA:51,0,1,0
BRDA:51,0,2,0
BRDA:56,1,0,33
BRDA:56,1,1,15
BRDA:61,2,0,33
BRDA:61,2,1,18
BRDA:61,2,2,18
BRDA:65,3,0,33
BRDA:65,3,1,0
BRDA:82,4,0,0
BRDA:82,4,1,0
BRDA:87,5,0,0
BRDA:87,5,1,0
BRF:14
BRH:6
end_of_record
TN:
SF:src\components\DurationPicker.tsx
FN:9,(anonymous_0)
FN:24,(anonymous_1)
FN:36,(anonymous_2)
FNF:3
FNH:3
FNDA:5,(anonymous_0)
FNDA:1,(anonymous_1)
FNDA:1,(anonymous_2)
DA:9,1
DA:18,5
DA:24,1
DA:36,1
LF:4
LH:4
BRF:0
BRH:0
end_of_record
TN:
SF:src\containers\CalendarContainer.tsx
FN:19,(anonymous_0)
FN:24,(anonymous_1)
FN:27,(anonymous_2)
FN:30,(anonymous_3)
FN:33,(anonymous_4)
FN:62,(anonymous_5)
FN:67,(anonymous_6)
FN:73,(anonymous_7)
FNF:8
FNH:4
FNDA:5,(anonymous_0)
FNDA:33,(anonymous_1)
FNDA:0,(anonymous_2)
FNDA:0,(anonymous_3)
FNDA:2,(anonymous_4)
FNDA:0,(anonymous_5)
FNDA:0,(anonymous_6)
FNDA:2,(anonymous_7)
DA:17,1
DA:19,1
DA:24,33
DA:28,0
DA:31,0
DA:34,2
DA:55,5
DA:56,5
DA:58,5
DA:60,5
DA:62,5
DA:63,0
DA:64,0
DA:67,5
DA:68,0
DA:69,0
DA:70,0
DA:73,5
DA:74,2
DA:75,2
DA:76,2
DA:79,5
LF:22
LH:15
BRDA:20,0,0,5
BRDA:21,1,0,5
BRDA:22,2,0,4
BRDA:23,3,0,5
BRDA:24,4,0,5
BRDA:25,5,0,5
BRDA:26,6,0,5
BRDA:27,7,0,5
BRDA:30,8,0,5
BRDA:33,9,0,5
BRDA:68,10,0,0
BRDA:68,10,1,0
BRDA:102,11,0,0
BRDA:102,11,1,5
BRF:14
BRH:11
end_of_record
TN:
SF:src\hooks\useCalendar.ts
FN:8,(anonymous_0)
FNF:1
FNH:1
FNDA:5,(anonymous_0)
DA:8,1
DA:9,5
DA:10,5
DA:11,5
DA:13,5
LF:5
LH:5
BRF:0
BRH:0
end_of_record
TN:
SF:src\hooks\useStyles.ts
FN:3,(anonymous_0)
FNF:1
FNH:1
FNDA:6,(anonymous_0)
DA:3,6
LF:1
LH:1
BRF:0
BRH:0
end_of_record
TN:
SF:src\utils\DatesUtils.ts
FN:7,(anonymous_0)
FN:23,(anonymous_1)
FN:26,(anonymous_2)
FN:30,(anonymous_3)
FNF:4
FNH:4
FNDA:11,(anonymous_0)
FNDA:210,(anonymous_1)
FNDA:30,(anonymous_2)
FNDA:72,(anonymous_3)
DA:7,2
DA:10,11
DA:11,10
DA:12,10
DA:13,10
DA:15,10
DA:16,3
DA:17,3
DA:18,13
DA:19,13
DA:21,3
DA:23,210
DA:26,30
DA:30,2
DA:31,72
LF:15
LH:15
BRDA:10,0,0,10
BRDA:10,0,1,1
BRDA:10,1,0,11
BRDA:10,1,1,10
BRDA:15,2,0,3
BRDA:15,2,1,7
BRDA:15,3,0,10
BRDA:15,3,1,5
BRDA:15,3,2,5
BRDA:17,4,0,16
BRDA:17,4,1,6
BRF:11
BRH:11
end_of_record
TN:
SF:src\utils\FormatUtils.ts
FN:6,(anonymous_0)
FN:11,(anonymous_1)
FNF:2
FNH:2
FNDA:8,(anonymous_0)
FNDA:7,(anonymous_1)
DA:6,2
DA:7,8
DA:8,2
DA:11,2
DA:12,7
DA:13,6
DA:14,1
LF:7
LH:7
BRDA:7,0,0,6
BRDA:7,0,1,2
BRDA:12,1,0,6
BRDA:12,1,1,1
BRF:4
BRH:4
end_of_record
